error t=2015-12-25T00:14:22.655Z Cinnamon Software Rendering mode enabled
info t=2015-12-25T00:14:22.765Z Cinnamon.AppSystem.get_default() started in 108 ms
info t=2015-12-25T00:14:22.779Z loading default theme
info t=2015-12-25T00:14:22.984Z PlacesManager: Updating devices
info t=2015-12-25T00:14:23.050Z loaded at Fri Dec 25 2015 00:14:23 GMT+0000 (UTC)
info t=2015-12-25T00:14:25.550Z Loaded applet menu@cinnamon.org in 2491 ms
info t=2015-12-25T00:14:25.562Z Loaded applet show-desktop@cinnamon.org in 10 ms
info t=2015-12-25T00:14:25.614Z Role locked: panellauncher
info t=2015-12-25T00:14:25.614Z Loaded applet panel-launchers@cinnamon.org in 50 ms
info t=2015-12-25T00:14:25.632Z Loaded applet window-list@cinnamon.org in 16 ms
info t=2015-12-25T00:14:25.647Z Role locked: notifications
info t=2015-12-25T00:14:25.653Z Loaded applet notifications@cinnamon.org in 20 ms
info t=2015-12-25T00:14:25.682Z Loaded applet user@cinnamon.org in 28 ms
info t=2015-12-25T00:14:25.694Z Loaded applet removable-drives@cinnamon.org in 10 ms
info t=2015-12-25T00:14:25.754Z Loaded applet keyboard@cinnamon.org in 59 ms
info t=2015-12-25T00:14:25.838Z Loaded applet network@cinnamon.org in 82 ms
info t=2015-12-25T00:14:25.887Z Loaded applet sound@cinnamon.org in 46 ms
info t=2015-12-25T00:14:25.918Z Loaded applet power@cinnamon.org in 30 ms
info t=2015-12-25T00:14:25.933Z Loaded applet systray@cinnamon.org in 14 ms
info t=2015-12-25T00:14:25.962Z Loaded applet calendar@cinnamon.org in 28 ms
info t=2015-12-25T00:14:25.974Z Loaded applet windows-quick-list@cinnamon.org in 11 ms
info t=2015-12-25T00:14:25.974Z AppletManager.init() started in 2923 ms
info t=2015-12-25T00:14:25.977Z Cinnamon took 3381 ms to start
info t=2015-12-25T00:14:27.855Z Hiding systray: network
